   0 - 0:0 is swapped out
   0 - q[0].pages[0] = 0
   0 - pageout(0, 0) returns 1
   0 - q[0].pages[0] = 0
   0 - pagein(0, 0) returns 1
   0 - q[0].pages[0] = 0
 100 - 0:0 is swapped in
 100 - q[0].pages[0] = 1
 100 - pagein(0, 0) returns 1
 100 - q[0].pages[0] = 1
 100 - pageout(0, 0) returns 1
 100 - q[0].pages[0] = 1
 101 - 0:0 is swapped out
 101 - q[0].pages[0] = 0
 101 - pageout(0, 0) returns 1
 101 - q[0].pages[0] = 0
 101 - pagein(0, 0) returns 0
 101 - pageout in progress...
 101 - q[0].pages[0] = 0
 102 - 0:0 is swapped out
 102 - q[0].pages[0] = 0
 102 - pageout(0, 0) returns 1
 102 - q[0].pages[0] = 0
 102 - pagein(0, 0) returns 0
 102 - pageout in progress...
 102 - q[0].pages[0] = 0
 103 - 0:0 is swapped out
 103 - q[0].pages[0] = 0
 103 - pageout(0, 0) returns 1
 103 - q[0].pages[0] = 0
 103 - pagein(0, 0) returns 0
 103 - pageout in progress...
 103 - q[0].pages[0] = 0
 104 - 0:0 is swapped out
 104 - q[0].pages[0] = 0
 104 - pageout(0, 0) returns 1
 104 - q[0].pages[0] = 0
 104 - pagein(0, 0) returns 0
 104 - pageout in progress...
 104 - q[0].pages[0] = 0
 105 - 0:0 is swapped out
 105 - q[0].pages[0] = 0
 105 - pageout(0, 0) returns 1
 105 - q[0].pages[0] = 0
 105 - pagein(0, 0) returns 0
 105 - pageout in progress...
 105 - q[0].pages[0] = 0
 106 - 0:0 is swapped out
 106 - q[0].pages[0] = 0
 106 - pageout(0, 0) returns 1
 106 - q[0].pages[0] = 0
 106 - pagein(0, 0) returns 0
 106 - pageout in progress...
 106 - q[0].pages[0] = 0
 107 - 0:0 is swapped out
 107 - q[0].pages[0] = 0
 107 - pageout(0, 0) returns 1
 107 - q[0].pages[0] = 0
 107 - pagein(0, 0) returns 0
 107 - pageout in progress...
 107 - q[0].pages[0] = 0
 108 - 0:0 is swapped out
 108 - q[0].pages[0] = 0
 108 - pageout(0, 0) returns 1
 108 - q[0].pages[0] = 0
 108 - pagein(0, 0) returns 0
 108 - pageout in progress...
 108 - q[0].pages[0] = 0
 109 - 0:0 is swapped out
 109 - q[0].pages[0] = 0
 109 - pageout(0, 0) returns 1
 109 - q[0].pages[0] = 0
 109 - pagein(0, 0) returns 0
 109 - pageout in progress...
 109 - q[0].pages[0] = 0
 110 - 0:0 is swapped out
 110 - q[0].pages[0] = 0
 110 - pageout(0, 0) returns 1
 110 - q[0].pages[0] = 0
 110 - pagein(0, 0) returns 0
 110 - pageout in progress...
 110 - q[0].pages[0] = 0
 111 - 0:0 is swapped out
 111 - q[0].pages[0] = 0
 111 - pageout(0, 0) returns 1
 111 - q[0].pages[0] = 0
 111 - pagein(0, 0) returns 0
 111 - pageout in progress...
 111 - q[0].pages[0] = 0
 112 - 0:0 is swapped out
 112 - q[0].pages[0] = 0
 112 - pageout(0, 0) returns 1
 112 - q[0].pages[0] = 0
 112 - pagein(0, 0) returns 0
 112 - pageout in progress...
 112 - q[0].pages[0] = 0
 113 - 0:0 is swapped out
 113 - q[0].pages[0] = 0
 113 - pageout(0, 0) returns 1
 113 - q[0].pages[0] = 0
 113 - pagein(0, 0) returns 0
 113 - pageout in progress...
 113 - q[0].pages[0] = 0
 114 - 0:0 is swapped out
 114 - q[0].pages[0] = 0
 114 - pageout(0, 0) returns 1
 114 - q[0].pages[0] = 0
 114 - pagein(0, 0) returns 0
 114 - pageout in progress...
 114 - q[0].pages[0] = 0
 115 - 0:0 is swapped out
 115 - q[0].pages[0] = 0
 115 - pageout(0, 0) returns 1
 115 - q[0].pages[0] = 0
 115 - pagein(0, 0) returns 0
 115 - pageout in progress...
 115 - q[0].pages[0] = 0
 116 - 0:0 is swapped out
 116 - q[0].pages[0] = 0
 116 - pageout(0, 0) returns 1
 116 - q[0].pages[0] = 0
 116 - pagein(0, 0) returns 0
 116 - pageout in progress...
 116 - q[0].pages[0] = 0
 117 - 0:0 is swapped out
 117 - q[0].pages[0] = 0
 117 - pageout(0, 0) returns 1
 117 - q[0].pages[0] = 0
 117 - pagein(0, 0) returns 0
 117 - pageout in progress...
 117 - q[0].pages[0] = 0
 118 - 0:0 is swapped out
 118 - q[0].pages[0] = 0
 118 - pageout(0, 0) returns 1
 118 - q[0].pages[0] = 0
 118 - pagein(0, 0) returns 0
 118 - pageout in progress...
 118 - q[0].pages[0] = 0
 119 - 0:0 is swapped out
 119 - q[0].pages[0] = 0
 119 - pageout(0, 0) returns 1
 119 - q[0].pages[0] = 0
 119 - pagein(0, 0) returns 0
 119 - pageout in progress...
 119 - q[0].pages[0] = 0
 120 - 0:0 is swapped out
 120 - q[0].pages[0] = 0
 120 - pageout(0, 0) returns 1
 120 - q[0].pages[0] = 0
 120 - pagein(0, 0) returns 0
 120 - pageout in progress...
 120 - q[0].pages[0] = 0
 121 - 0:0 is swapped out
 121 - q[0].pages[0] = 0
 121 - pageout(0, 0) returns 1
 121 - q[0].pages[0] = 0
 121 - pagein(0, 0) returns 0
 121 - pageout in progress...
 121 - q[0].pages[0] = 0
 122 - 0:0 is swapped out
 122 - q[0].pages[0] = 0
 122 - pageout(0, 0) returns 1
 122 - q[0].pages[0] = 0
 122 - pagein(0, 0) returns 0
 122 - pageout in progress...
 122 - q[0].pages[0] = 0
 123 - 0:0 is swapped out
 123 - q[0].pages[0] = 0
 123 - pageout(0, 0) returns 1
 123 - q[0].pages[0] = 0
 123 - pagein(0, 0) returns 0
 123 - pageout in progress...
 123 - q[0].pages[0] = 0
 124 - 0:0 is swapped out
 124 - q[0].pages[0] = 0
 124 - pageout(0, 0) returns 1
 124 - q[0].pages[0] = 0
 124 - pagein(0, 0) returns 0
 124 - pageout in progress...
 124 - q[0].pages[0] = 0
 125 - 0:0 is swapped out
 125 - q[0].pages[0] = 0
 125 - pageout(0, 0) returns 1
 125 - q[0].pages[0] = 0
 125 - pagein(0, 0) returns 0
 125 - pageout in progress...
 125 - q[0].pages[0] = 0
 126 - 0:0 is swapped out
 126 - q[0].pages[0] = 0
 126 - pageout(0, 0) returns 1
 126 - q[0].pages[0] = 0
 126 - pagein(0, 0) returns 0
 126 - pageout in progress...
 126 - q[0].pages[0] = 0
 127 - 0:0 is swapped out
 127 - q[0].pages[0] = 0
 127 - pageout(0, 0) returns 1
 127 - q[0].pages[0] = 0
 127 - pagein(0, 0) returns 0
 127 - pageout in progress...
 127 - q[0].pages[0] = 0
 128 - 0:0 is swapped out
 128 - q[0].pages[0] = 0
 128 - pageout(0, 0) returns 1
 128 - q[0].pages[0] = 0
 128 - pagein(0, 0) returns 0
 128 - pageout in progress...
 128 - q[0].pages[0] = 0
 129 - 0:0 is swapped out
 129 - q[0].pages[0] = 0
 129 - pageout(0, 0) returns 1
 129 - q[0].pages[0] = 0
 129 - pagein(0, 0) returns 0
 129 - pageout in progress...
 129 - q[0].pages[0] = 0
 130 - 0:0 is swapped out
 130 - q[0].pages[0] = 0
 130 - pageout(0, 0) returns 1
 130 - q[0].pages[0] = 0
 130 - pagein(0, 0) returns 0
 130 - pageout in progress...
 130 - q[0].pages[0] = 0
 131 - 0:0 is swapped out
 131 - q[0].pages[0] = 0
 131 - pageout(0, 0) returns 1
 131 - q[0].pages[0] = 0
 131 - pagein(0, 0) returns 0
 131 - pageout in progress...
 131 - q[0].pages[0] = 0
 132 - 0:0 is swapped out
 132 - q[0].pages[0] = 0
 132 - pageout(0, 0) returns 1
 132 - q[0].pages[0] = 0
 132 - pagein(0, 0) returns 0
 132 - pageout in progress...
 132 - q[0].pages[0] = 0
 133 - 0:0 is swapped out
 133 - q[0].pages[0] = 0
 133 - pageout(0, 0) returns 1
 133 - q[0].pages[0] = 0
 133 - pagein(0, 0) returns 0
 133 - pageout in progress...
 133 - q[0].pages[0] = 0
 134 - 0:0 is swapped out
 134 - q[0].pages[0] = 0
 134 - pageout(0, 0) returns 1
 134 - q[0].pages[0] = 0
 134 - pagein(0, 0) returns 0
 134 - pageout in progress...
 134 - q[0].pages[0] = 0
 135 - 0:0 is swapped out
 135 - q[0].pages[0] = 0
 135 - pageout(0, 0) returns 1
 135 - q[0].pages[0] = 0
 135 - pagein(0, 0) returns 0
 135 - pageout in progress...
 135 - q[0].pages[0] = 0
 136 - 0:0 is swapped out
 136 - q[0].pages[0] = 0
 136 - pageout(0, 0) returns 1
 136 - q[0].pages[0] = 0
 136 - pagein(0, 0) returns 0
 136 - pageout in progress...
 136 - q[0].pages[0] = 0
 137 - 0:0 is swapped out
 137 - q[0].pages[0] = 0
 137 - pageout(0, 0) returns 1
 137 - q[0].pages[0] = 0
 137 - pagein(0, 0) returns 0
 137 - pageout in progress...
 137 - q[0].pages[0] = 0
 138 - 0:0 is swapped out
 138 - q[0].pages[0] = 0
 138 - pageout(0, 0) returns 1
 138 - q[0].pages[0] = 0
 138 - pagein(0, 0) returns 0
 138 - pageout in progress...
 138 - q[0].pages[0] = 0
 139 - 0:0 is swapped out
 139 - q[0].pages[0] = 0
 139 - pageout(0, 0) returns 1
 139 - q[0].pages[0] = 0
 139 - pagein(0, 0) returns 0
 139 - pageout in progress...
 139 - q[0].pages[0] = 0
 140 - 0:0 is swapped out
 140 - q[0].pages[0] = 0
 140 - pageout(0, 0) returns 1
 140 - q[0].pages[0] = 0
 140 - pagein(0, 0) returns 0
 140 - pageout in progress...
 140 - q[0].pages[0] = 0
 141 - 0:0 is swapped out
 141 - q[0].pages[0] = 0
 141 - pageout(0, 0) returns 1
 141 - q[0].pages[0] = 0
 141 - pagein(0, 0) returns 0
 141 - pageout in progress...
 141 - q[0].pages[0] = 0
 142 - 0:0 is swapped out
 142 - q[0].pages[0] = 0
 142 - pageout(0, 0) returns 1
 142 - q[0].pages[0] = 0
 142 - pagein(0, 0) returns 0
 142 - pageout in progress...
 142 - q[0].pages[0] = 0
 143 - 0:0 is swapped out
 143 - q[0].pages[0] = 0
 143 - pageout(0, 0) returns 1
 143 - q[0].pages[0] = 0
 143 - pagein(0, 0) returns 0
 143 - pageout in progress...
 143 - q[0].pages[0] = 0
 144 - 0:0 is swapped out
 144 - q[0].pages[0] = 0
 144 - pageout(0, 0) returns 1
 144 - q[0].pages[0] = 0
 144 - pagein(0, 0) returns 0
 144 - pageout in progress...
 144 - q[0].pages[0] = 0
 145 - 0:0 is swapped out
 145 - q[0].pages[0] = 0
 145 - pageout(0, 0) returns 1
 145 - q[0].pages[0] = 0
 145 - pagein(0, 0) returns 0
 145 - pageout in progress...
 145 - q[0].pages[0] = 0
 146 - 0:0 is swapped out
 146 - q[0].pages[0] = 0
 146 - pageout(0, 0) returns 1
 146 - q[0].pages[0] = 0
 146 - pagein(0, 0) returns 0
 146 - pageout in progress...
 146 - q[0].pages[0] = 0
 147 - 0:0 is swapped out
 147 - q[0].pages[0] = 0
 147 - pageout(0, 0) returns 1
 147 - q[0].pages[0] = 0
 147 - pagein(0, 0) returns 0
 147 - pageout in progress...
 147 - q[0].pages[0] = 0
 148 - 0:0 is swapped out
 148 - q[0].pages[0] = 0
 148 - pageout(0, 0) returns 1
 148 - q[0].pages[0] = 0
 148 - pagein(0, 0) returns 0
 148 - pageout in progress...
 148 - q[0].pages[0] = 0
 149 - 0:0 is swapped out
 149 - q[0].pages[0] = 0
 149 - pageout(0, 0) returns 1
 149 - q[0].pages[0] = 0
 149 - pagein(0, 0) returns 0
 149 - pageout in progress...
 149 - q[0].pages[0] = 0
 150 - 0:0 is swapped out
 150 - q[0].pages[0] = 0
 150 - pageout(0, 0) returns 1
 150 - q[0].pages[0] = 0
 150 - pagein(0, 0) returns 0
 150 - pageout in progress...
 150 - q[0].pages[0] = 0
 151 - 0:0 is swapped out
 151 - q[0].pages[0] = 0
 151 - pageout(0, 0) returns 1
 151 - q[0].pages[0] = 0
 151 - pagein(0, 0) returns 0
 151 - pageout in progress...
 151 - q[0].pages[0] = 0
 152 - 0:0 is swapped out
 152 - q[0].pages[0] = 0
 152 - pageout(0, 0) returns 1
 152 - q[0].pages[0] = 0
 152 - pagein(0, 0) returns 0
 152 - pageout in progress...
 152 - q[0].pages[0] = 0
 153 - 0:0 is swapped out
 153 - q[0].pages[0] = 0
 153 - pageout(0, 0) returns 1
 153 - q[0].pages[0] = 0
 153 - pagein(0, 0) returns 0
 153 - pageout in progress...
 153 - q[0].pages[0] = 0
 154 - 0:0 is swapped out
 154 - q[0].pages[0] = 0
 154 - pageout(0, 0) returns 1
 154 - q[0].pages[0] = 0
 154 - pagein(0, 0) returns 0
 154 - pageout in progress...
 154 - q[0].pages[0] = 0
 155 - 0:0 is swapped out
 155 - q[0].pages[0] = 0
 155 - pageout(0, 0) returns 1
 155 - q[0].pages[0] = 0
 155 - pagein(0, 0) returns 0
 155 - pageout in progress...
 155 - q[0].pages[0] = 0
 156 - 0:0 is swapped out
 156 - q[0].pages[0] = 0
 156 - pageout(0, 0) returns 1
 156 - q[0].pages[0] = 0
 156 - pagein(0, 0) returns 0
 156 - pageout in progress...
 156 - q[0].pages[0] = 0
 157 - 0:0 is swapped out
 157 - q[0].pages[0] = 0
 157 - pageout(0, 0) returns 1
 157 - q[0].pages[0] = 0
 157 - pagein(0, 0) returns 0
 157 - pageout in progress...
 157 - q[0].pages[0] = 0
 158 - 0:0 is swapped out
 158 - q[0].pages[0] = 0
 158 - pageout(0, 0) returns 1
 158 - q[0].pages[0] = 0
 158 - pagein(0, 0) returns 0
 158 - pageout in progress...
 158 - q[0].pages[0] = 0
 159 - 0:0 is swapped out
 159 - q[0].pages[0] = 0
 159 - pageout(0, 0) returns 1
 159 - q[0].pages[0] = 0
 159 - pagein(0, 0) returns 0
 159 - pageout in progress...
 159 - q[0].pages[0] = 0
 160 - 0:0 is swapped out
 160 - q[0].pages[0] = 0
 160 - pageout(0, 0) returns 1
 160 - q[0].pages[0] = 0
 160 - pagein(0, 0) returns 0
 160 - pageout in progress...
 160 - q[0].pages[0] = 0
 161 - 0:0 is swapped out
 161 - q[0].pages[0] = 0
 161 - pageout(0, 0) returns 1
 161 - q[0].pages[0] = 0
 161 - pagein(0, 0) returns 0
 161 - pageout in progress...
 161 - q[0].pages[0] = 0
 162 - 0:0 is swapped out
 162 - q[0].pages[0] = 0
 162 - pageout(0, 0) returns 1
 162 - q[0].pages[0] = 0
 162 - pagein(0, 0) returns 0
 162 - pageout in progress...
 162 - q[0].pages[0] = 0
 163 - 0:0 is swapped out
 163 - q[0].pages[0] = 0
 163 - pageout(0, 0) returns 1
 163 - q[0].pages[0] = 0
 163 - pagein(0, 0) returns 0
 163 - pageout in progress...
 163 - q[0].pages[0] = 0
 164 - 0:0 is swapped out
 164 - q[0].pages[0] = 0
 164 - pageout(0, 0) returns 1
 164 - q[0].pages[0] = 0
 164 - pagein(0, 0) returns 0
 164 - pageout in progress...
 164 - q[0].pages[0] = 0
 165 - 0:0 is swapped out
 165 - q[0].pages[0] = 0
 165 - pageout(0, 0) returns 1
 165 - q[0].pages[0] = 0
 165 - pagein(0, 0) returns 0
 165 - pageout in progress...
 165 - q[0].pages[0] = 0
 166 - 0:0 is swapped out
 166 - q[0].pages[0] = 0
 166 - pageout(0, 0) returns 1
 166 - q[0].pages[0] = 0
 166 - pagein(0, 0) returns 0
 166 - pageout in progress...
 166 - q[0].pages[0] = 0
 167 - 0:0 is swapped out
 167 - q[0].pages[0] = 0
 167 - pageout(0, 0) returns 1
 167 - q[0].pages[0] = 0
 167 - pagein(0, 0) returns 0
 167 - pageout in progress...
 167 - q[0].pages[0] = 0
 168 - 0:0 is swapped out
 168 - q[0].pages[0] = 0
 168 - pageout(0, 0) returns 1
 168 - q[0].pages[0] = 0
 168 - pagein(0, 0) returns 0
 168 - pageout in progress...
 168 - q[0].pages[0] = 0
 169 - 0:0 is swapped out
 169 - q[0].pages[0] = 0
 169 - pageout(0, 0) returns 1
 169 - q[0].pages[0] = 0
 169 - pagein(0, 0) returns 0
 169 - pageout in progress...
 169 - q[0].pages[0] = 0
 170 - 0:0 is swapped out
 170 - q[0].pages[0] = 0
 170 - pageout(0, 0) returns 1
 170 - q[0].pages[0] = 0
 170 - pagein(0, 0) returns 0
 170 - pageout in progress...
 170 - q[0].pages[0] = 0
 171 - 0:0 is swapped out
 171 - q[0].pages[0] = 0
 171 - pageout(0, 0) returns 1
 171 - q[0].pages[0] = 0
 171 - pagein(0, 0) returns 0
 171 - pageout in progress...
 171 - q[0].pages[0] = 0
 172 - 0:0 is swapped out
 172 - q[0].pages[0] = 0
 172 - pageout(0, 0) returns 1
 172 - q[0].pages[0] = 0
 172 - pagein(0, 0) returns 0
 172 - pageout in progress...
 172 - q[0].pages[0] = 0
 173 - 0:0 is swapped out
 173 - q[0].pages[0] = 0
 173 - pageout(0, 0) returns 1
 173 - q[0].pages[0] = 0
 173 - pagein(0, 0) returns 0
 173 - pageout in progress...
 173 - q[0].pages[0] = 0
 174 - 0:0 is swapped out
 174 - q[0].pages[0] = 0
 174 - pageout(0, 0) returns 1
 174 - q[0].pages[0] = 0
 174 - pagein(0, 0) returns 0
 174 - pageout in progress...
 174 - q[0].pages[0] = 0
 175 - 0:0 is swapped out
 175 - q[0].pages[0] = 0
 175 - pageout(0, 0) returns 1
 175 - q[0].pages[0] = 0
 175 - pagein(0, 0) returns 0
 175 - pageout in progress...
 175 - q[0].pages[0] = 0
 176 - 0:0 is swapped out
 176 - q[0].pages[0] = 0
 176 - pageout(0, 0) returns 1
 176 - q[0].pages[0] = 0
 176 - pagein(0, 0) returns 0
 176 - pageout in progress...
 176 - q[0].pages[0] = 0
 177 - 0:0 is swapped out
 177 - q[0].pages[0] = 0
 177 - pageout(0, 0) returns 1
 177 - q[0].pages[0] = 0
 177 - pagein(0, 0) returns 0
 177 - pageout in progress...
 177 - q[0].pages[0] = 0
 178 - 0:0 is swapped out
 178 - q[0].pages[0] = 0
 178 - pageout(0, 0) returns 1
 178 - q[0].pages[0] = 0
 178 - pagein(0, 0) returns 0
 178 - pageout in progress...
 178 - q[0].pages[0] = 0
 179 - 0:0 is swapped out
 179 - q[0].pages[0] = 0
 179 - pageout(0, 0) returns 1
 179 - q[0].pages[0] = 0
 179 - pagein(0, 0) returns 0
 179 - pageout in progress...
 179 - q[0].pages[0] = 0
 180 - 0:0 is swapped out
 180 - q[0].pages[0] = 0
 180 - pageout(0, 0) returns 1
 180 - q[0].pages[0] = 0
 180 - pagein(0, 0) returns 0
 180 - pageout in progress...
 180 - q[0].pages[0] = 0
 181 - 0:0 is swapped out
 181 - q[0].pages[0] = 0
 181 - pageout(0, 0) returns 1
 181 - q[0].pages[0] = 0
 181 - pagein(0, 0) returns 0
 181 - pageout in progress...
 181 - q[0].pages[0] = 0
 182 - 0:0 is swapped out
 182 - q[0].pages[0] = 0
 182 - pageout(0, 0) returns 1
 182 - q[0].pages[0] = 0
 182 - pagein(0, 0) returns 0
 182 - pageout in progress...
 182 - q[0].pages[0] = 0
 183 - 0:0 is swapped out
 183 - q[0].pages[0] = 0
 183 - pageout(0, 0) returns 1
 183 - q[0].pages[0] = 0
 183 - pagein(0, 0) returns 0
 183 - pageout in progress...
 183 - q[0].pages[0] = 0
 184 - 0:0 is swapped out
 184 - q[0].pages[0] = 0
 184 - pageout(0, 0) returns 1
 184 - q[0].pages[0] = 0
 184 - pagein(0, 0) returns 0
 184 - pageout in progress...
 184 - q[0].pages[0] = 0
 185 - 0:0 is swapped out
 185 - q[0].pages[0] = 0
 185 - pageout(0, 0) returns 1
 185 - q[0].pages[0] = 0
 185 - pagein(0, 0) returns 0
 185 - pageout in progress...
 185 - q[0].pages[0] = 0
 186 - 0:0 is swapped out
 186 - q[0].pages[0] = 0
 186 - pageout(0, 0) returns 1
 186 - q[0].pages[0] = 0
 186 - pagein(0, 0) returns 0
 186 - pageout in progress...
 186 - q[0].pages[0] = 0
 187 - 0:0 is swapped out
 187 - q[0].pages[0] = 0
 187 - pageout(0, 0) returns 1
 187 - q[0].pages[0] = 0
 187 - pagein(0, 0) returns 0
 187 - pageout in progress...
 187 - q[0].pages[0] = 0
 188 - 0:0 is swapped out
 188 - q[0].pages[0] = 0
 188 - pageout(0, 0) returns 1
 188 - q[0].pages[0] = 0
 188 - pagein(0, 0) returns 0
 188 - pageout in progress...
 188 - q[0].pages[0] = 0
 189 - 0:0 is swapped out
 189 - q[0].pages[0] = 0
 189 - pageout(0, 0) returns 1
 189 - q[0].pages[0] = 0
 189 - pagein(0, 0) returns 0
 189 - pageout in progress...
 189 - q[0].pages[0] = 0
 190 - 0:0 is swapped out
 190 - q[0].pages[0] = 0
 190 - pageout(0, 0) returns 1
 190 - q[0].pages[0] = 0
 190 - pagein(0, 0) returns 0
 190 - pageout in progress...
 190 - q[0].pages[0] = 0
 191 - 0:0 is swapped out
 191 - q[0].pages[0] = 0
 191 - pageout(0, 0) returns 1
 191 - q[0].pages[0] = 0
 191 - pagein(0, 0) returns 0
 191 - pageout in progress...
 191 - q[0].pages[0] = 0
 192 - 0:0 is swapped out
 192 - q[0].pages[0] = 0
 192 - pageout(0, 0) returns 1
 192 - q[0].pages[0] = 0
 192 - pagein(0, 0) returns 0
 192 - pageout in progress...
 192 - q[0].pages[0] = 0
 193 - 0:0 is swapped out
 193 - q[0].pages[0] = 0
 193 - pageout(0, 0) returns 1
 193 - q[0].pages[0] = 0
 193 - pagein(0, 0) returns 0
 193 - pageout in progress...
 193 - q[0].pages[0] = 0
 194 - 0:0 is swapped out
 194 - q[0].pages[0] = 0
 194 - pageout(0, 0) returns 1
 194 - q[0].pages[0] = 0
 194 - pagein(0, 0) returns 0
 194 - pageout in progress...
 194 - q[0].pages[0] = 0
 195 - 0:0 is swapped out
 195 - q[0].pages[0] = 0
 195 - pageout(0, 0) returns 1
 195 - q[0].pages[0] = 0
 195 - pagein(0, 0) returns 0
 195 - pageout in progress...
 195 - q[0].pages[0] = 0
 196 - 0:0 is swapped out
 196 - q[0].pages[0] = 0
 196 - pageout(0, 0) returns 1
 196 - q[0].pages[0] = 0
 196 - pagein(0, 0) returns 0
 196 - pageout in progress...
 196 - q[0].pages[0] = 0
 197 - 0:0 is swapped out
 197 - q[0].pages[0] = 0
 197 - pageout(0, 0) returns 1
 197 - q[0].pages[0] = 0
 197 - pagein(0, 0) returns 0
 197 - pageout in progress...
 197 - q[0].pages[0] = 0
 198 - 0:0 is swapped out
 198 - q[0].pages[0] = 0
 198 - pageout(0, 0) returns 1
 198 - q[0].pages[0] = 0
 198 - pagein(0, 0) returns 0
 198 - pageout in progress...
 198 - q[0].pages[0] = 0
 199 - 0:0 is swapped out
 199 - q[0].pages[0] = 0
 199 - pageout(0, 0) returns 1
 199 - q[0].pages[0] = 0
 199 - pagein(0, 0) returns 0
 199 - pageout in progress...
 199 - q[0].pages[0] = 0
 200 - 0:0 is swapped out
 200 - q[0].pages[0] = 0
 200 - pageout(0, 0) returns 1
 200 - q[0].pages[0] = 0
 200 - pagein(0, 0) returns 1
 200 - q[0].pages[0] = 0
 300 - 0:0 is swapped in
 300 - q[0].pages[0] = 1
 300 - pagein(0, 0) returns 1
 300 - q[0].pages[0] = 1
 300 - pageout(0, 0) returns 1
 300 - q[0].pages[0] = 1
 301 - 0:0 is swapped out
 301 - q[0].pages[0] = 0
 301 - pageout(0, 0) returns 1
 301 - q[0].pages[0] = 0
 301 - pagein(0, 0) returns 0
 301 - pageout in progress...
 301 - q[0].pages[0] = 0
 302 - 0:0 is swapped out
 302 - q[0].pages[0] = 0
 302 - pageout(0, 0) returns 1
 302 - q[0].pages[0] = 0
 302 - pagein(0, 0) returns 0
 302 - pageout in progress...
 302 - q[0].pages[0] = 0
 303 - 0:0 is swapped out
 303 - q[0].pages[0] = 0
 303 - pageout(0, 0) returns 1
 303 - q[0].pages[0] = 0
 303 - pagein(0, 0) returns 0
 303 - pageout in progress...
 303 - q[0].pages[0] = 0
 304 - 0:0 is swapped out
 304 - q[0].pages[0] = 0
 304 - pageout(0, 0) returns 1
 304 - q[0].pages[0] = 0
 304 - pagein(0, 0) returns 0
 304 - pageout in progress...
 304 - q[0].pages[0] = 0
 305 - 0:0 is swapped out
 305 - q[0].pages[0] = 0
 305 - pageout(0, 0) returns 1
 305 - q[0].pages[0] = 0
 305 - pagein(0, 0) returns 0
 305 - pageout in progress...
 305 - q[0].pages[0] = 0
 306 - 0:0 is swapped out
 306 - q[0].pages[0] = 0
 306 - pageout(0, 0) returns 1
 306 - q[0].pages[0] = 0
 306 - pagein(0, 0) returns 0
 306 - pageout in progress...
 306 - q[0].pages[0] = 0
 307 - 0:0 is swapped out
 307 - q[0].pages[0] = 0
 307 - pageout(0, 0) returns 1
 307 - q[0].pages[0] = 0
 307 - pagein(0, 0) returns 0
 307 - pageout in progress...
 307 - q[0].pages[0] = 0
 308 - 0:0 is swapped out
 308 - q[0].pages[0] = 0
 308 - pageout(0, 0) returns 1
 308 - q[0].pages[0] = 0
 308 - pagein(0, 0) returns 0
 308 - pageout in progress...
 308 - q[0].pages[0] = 0
 309 - 0:0 is swapped out
 309 - q[0].pages[0] = 0
 309 - pageout(0, 0) returns 1
 309 - q[0].pages[0] = 0
 309 - pagein(0, 0) returns 0
 309 - pageout in progress...
 309 - q[0].pages[0] = 0
 310 - 0:0 is swapped out
 310 - q[0].pages[0] = 0
 310 - pageout(0, 0) returns 1
 310 - q[0].pages[0] = 0
 310 - pagein(0, 0) returns 0
 310 - pageout in progress...
 310 - q[0].pages[0] = 0
 311 - 0:0 is swapped out
 311 - q[0].pages[0] = 0
 311 - pageout(0, 0) returns 1
 311 - q[0].pages[0] = 0
 311 - pagein(0, 0) returns 0
 311 - pageout in progress...
 311 - q[0].pages[0] = 0
 312 - 0:0 is swapped out
 312 - q[0].pages[0] = 0
 312 - pageout(0, 0) returns 1
 312 - q[0].pages[0] = 0
 312 - pagein(0, 0) returns 0
 312 - pageout in progress...
 312 - q[0].pages[0] = 0
 313 - 0:0 is swapped out
 313 - q[0].pages[0] = 0
 313 - pageout(0, 0) returns 1
 313 - q[0].pages[0] = 0
 313 - pagein(0, 0) returns 0
 313 - pageout in progress...
 313 - q[0].pages[0] = 0
 314 - 0:0 is swapped out
 314 - q[0].pages[0] = 0
 314 - pageout(0, 0) returns 1
 314 - q[0].pages[0] = 0
 314 - pagein(0, 0) returns 0
 314 - pageout in progress...
 314 - q[0].pages[0] = 0
 315 - 0:0 is swapped out
 315 - q[0].pages[0] = 0
 315 - pageout(0, 0) returns 1
 315 - q[0].pages[0] = 0
 315 - pagein(0, 0) returns 0
 315 - pageout in progress...
 315 - q[0].pages[0] = 0
 316 - 0:0 is swapped out
 316 - q[0].pages[0] = 0
 316 - pageout(0, 0) returns 1
 316 - q[0].pages[0] = 0
 316 - pagein(0, 0) returns 0
 316 - pageout in progress...
 316 - q[0].pages[0] = 0
 317 - 0:0 is swapped out
 317 - q[0].pages[0] = 0
 317 - pageout(0, 0) returns 1
 317 - q[0].pages[0] = 0
 317 - pagein(0, 0) returns 0
 317 - pageout in progress...
 317 - q[0].pages[0] = 0
 318 - 0:0 is swapped out
 318 - q[0].pages[0] = 0
 318 - pageout(0, 0) returns 1
 318 - q[0].pages[0] = 0
 318 - pagein(0, 0) returns 0
 318 - pageout in progress...
 318 - q[0].pages[0] = 0
 319 - 0:0 is swapped out
 319 - q[0].pages[0] = 0
 319 - pageout(0, 0) returns 1
 319 - q[0].pages[0] = 0
 319 - pagein(0, 0) returns 0
 319 - pageout in progress...
 319 - q[0].pages[0] = 0
 320 - 0:0 is swapped out
 320 - q[0].pages[0] = 0
 320 - pageout(0, 0) returns 1
 320 - q[0].pages[0] = 0
 320 - pagein(0, 0) returns 0
 320 - pageout in progress...
 320 - q[0].pages[0] = 0
 321 - 0:0 is swapped out
 321 - q[0].pages[0] = 0
 321 - pageout(0, 0) returns 1
 321 - q[0].pages[0] = 0
 321 - pagein(0, 0) returns 0
 321 - pageout in progress...
 321 - q[0].pages[0] = 0
 322 - 0:0 is swapped out
 322 - q[0].pages[0] = 0
 322 - pageout(0, 0) returns 1
 322 - q[0].pages[0] = 0
 322 - pagein(0, 0) returns 0
 322 - pageout in progress...
 322 - q[0].pages[0] = 0
 323 - 0:0 is swapped out
 323 - q[0].pages[0] = 0
 323 - pageout(0, 0) returns 1
 323 - q[0].pages[0] = 0
 323 - pagein(0, 0) returns 0
 323 - pageout in progress...
 323 - q[0].pages[0] = 0
 324 - 0:0 is swapped out
 324 - q[0].pages[0] = 0
 324 - pageout(0, 0) returns 1
 324 - q[0].pages[0] = 0
 324 - pagein(0, 0) returns 0
 324 - pageout in progress...
 324 - q[0].pages[0] = 0
 325 - 0:0 is swapped out
 325 - q[0].pages[0] = 0
 325 - pageout(0, 0) returns 1
 325 - q[0].pages[0] = 0
 325 - pagein(0, 0) returns 0
 325 - pageout in progress...
 325 - q[0].pages[0] = 0
 326 - 0:0 is swapped out
 326 - q[0].pages[0] = 0
 326 - pageout(0, 0) returns 1
 326 - q[0].pages[0] = 0
 326 - pagein(0, 0) returns 0
 326 - pageout in progress...
 326 - q[0].pages[0] = 0
 327 - 0:0 is swapped out
 327 - q[0].pages[0] = 0
 327 - pageout(0, 0) returns 1
 327 - q[0].pages[0] = 0
 327 - pagein(0, 0) returns 0
 327 - pageout in progress...
 327 - q[0].pages[0] = 0
 328 - 0:0 is swapped out
 328 - q[0].pages[0] = 0
 328 - pageout(0, 0) returns 1
 328 - q[0].pages[0] = 0
 328 - pagein(0, 0) returns 0
 328 - pageout in progress...
 328 - q[0].pages[0] = 0
 329 - 0:0 is swapped out
 329 - q[0].pages[0] = 0
 329 - pageout(0, 0) returns 1
 329 - q[0].pages[0] = 0
 329 - pagein(0, 0) returns 0
 329 - pageout in progress...
 329 - q[0].pages[0] = 0
 330 - 0:0 is swapped out
 330 - q[0].pages[0] = 0
 330 - pageout(0, 0) returns 1
 330 - q[0].pages[0] = 0
 330 - pagein(0, 0) returns 0
 330 - pageout in progress...
 330 - q[0].pages[0] = 0
 331 - 0:0 is swapped out
 331 - q[0].pages[0] = 0
 331 - pageout(0, 0) returns 1
 331 - q[0].pages[0] = 0
 331 - pagein(0, 0) returns 0
 331 - pageout in progress...
 331 - q[0].pages[0] = 0
 332 - 0:0 is swapped out
 332 - q[0].pages[0] = 0
 332 - pageout(0, 0) returns 1
 332 - q[0].pages[0] = 0
 332 - pagein(0, 0) returns 0
 332 - pageout in progress...
 332 - q[0].pages[0] = 0
 333 - 0:0 is swapped out
 333 - q[0].pages[0] = 0
 333 - pageout(0, 0) returns 1
 333 - q[0].pages[0] = 0
 333 - pagein(0, 0) returns 0
 333 - pageout in progress...
 333 - q[0].pages[0] = 0
 334 - 0:0 is swapped out
 334 - q[0].pages[0] = 0
 334 - pageout(0, 0) returns 1
 334 - q[0].pages[0] = 0
 334 - pagein(0, 0) returns 0
 334 - pageout in progress...
 334 - q[0].pages[0] = 0
 335 - 0:0 is swapped out
 335 - q[0].pages[0] = 0
 335 - pageout(0, 0) returns 1
 335 - q[0].pages[0] = 0
 335 - pagein(0, 0) returns 0
 335 - pageout in progress...
 335 - q[0].pages[0] = 0
 336 - 0:0 is swapped out
 336 - q[0].pages[0] = 0
 336 - pageout(0, 0) returns 1
 336 - q[0].pages[0] = 0
 336 - pagein(0, 0) returns 0
 336 - pageout in progress...
 336 - q[0].pages[0] = 0
 337 - 0:0 is swapped out
 337 - q[0].pages[0] = 0
 337 - pageout(0, 0) returns 1
 337 - q[0].pages[0] = 0
 337 - pagein(0, 0) returns 0
 337 - pageout in progress...
 337 - q[0].pages[0] = 0
 338 - 0:0 is swapped out
 338 - q[0].pages[0] = 0
 338 - pageout(0, 0) returns 1
 338 - q[0].pages[0] = 0
 338 - pagein(0, 0) returns 0
 338 - pageout in progress...
 338 - q[0].pages[0] = 0
 339 - 0:0 is swapped out
 339 - q[0].pages[0] = 0
 339 - pageout(0, 0) returns 1
 339 - q[0].pages[0] = 0
 339 - pagein(0, 0) returns 0
 339 - pageout in progress...
 339 - q[0].pages[0] = 0
 340 - 0:0 is swapped out
 340 - q[0].pages[0] = 0
 340 - pageout(0, 0) returns 1
 340 - q[0].pages[0] = 0
 340 - pagein(0, 0) returns 0
 340 - pageout in progress...
 340 - q[0].pages[0] = 0
 341 - 0:0 is swapped out
 341 - q[0].pages[0] = 0
 341 - pageout(0, 0) returns 1
 341 - q[0].pages[0] = 0
 341 - pagein(0, 0) returns 0
 341 - pageout in progress...
 341 - q[0].pages[0] = 0
 342 - 0:0 is swapped out
 342 - q[0].pages[0] = 0
 342 - pageout(0, 0) returns 1
 342 - q[0].pages[0] = 0
 342 - pagein(0, 0) returns 0
 342 - pageout in progress...
 342 - q[0].pages[0] = 0
 343 - 0:0 is swapped out
 343 - q[0].pages[0] = 0
 343 - pageout(0, 0) returns 1
 343 - q[0].pages[0] = 0
 343 - pagein(0, 0) returns 0
 343 - pageout in progress...
 343 - q[0].pages[0] = 0
 344 - 0:0 is swapped out
 344 - q[0].pages[0] = 0
 344 - pageout(0, 0) returns 1
 344 - q[0].pages[0] = 0
 344 - pagein(0, 0) returns 0
 344 - pageout in progress...
 344 - q[0].pages[0] = 0
 345 - 0:0 is swapped out
 345 - q[0].pages[0] = 0
 345 - pageout(0, 0) returns 1
 345 - q[0].pages[0] = 0
 345 - pagein(0, 0) returns 0
 345 - pageout in progress...
 345 - q[0].pages[0] = 0
 346 - 0:0 is swapped out
 346 - q[0].pages[0] = 0
 346 - pageout(0, 0) returns 1
 346 - q[0].pages[0] = 0
 346 - pagein(0, 0) returns 0
 346 - pageout in progress...
 346 - q[0].pages[0] = 0
 347 - 0:0 is swapped out
 347 - q[0].pages[0] = 0
 347 - pageout(0, 0) returns 1
 347 - q[0].pages[0] = 0
 347 - pagein(0, 0) returns 0
 347 - pageout in progress...
 347 - q[0].pages[0] = 0
 348 - 0:0 is swapped out
 348 - q[0].pages[0] = 0
 348 - pageout(0, 0) returns 1
 348 - q[0].pages[0] = 0
 348 - pagein(0, 0) returns 0
 348 - pageout in progress...
 348 - q[0].pages[0] = 0
 349 - 0:0 is swapped out
 349 - q[0].pages[0] = 0
 349 - pageout(0, 0) returns 1
 349 - q[0].pages[0] = 0
 349 - pagein(0, 0) returns 0
 349 - pageout in progress...
 349 - q[0].pages[0] = 0
 350 - 0:0 is swapped out
 350 - q[0].pages[0] = 0
 350 - pageout(0, 0) returns 1
 350 - q[0].pages[0] = 0
 350 - pagein(0, 0) returns 0
 350 - pageout in progress...
 350 - q[0].pages[0] = 0
 351 - 0:0 is swapped out
 351 - q[0].pages[0] = 0
 351 - pageout(0, 0) returns 1
 351 - q[0].pages[0] = 0
 351 - pagein(0, 0) returns 0
 351 - pageout in progress...
 351 - q[0].pages[0] = 0
 352 - 0:0 is swapped out
 352 - q[0].pages[0] = 0
 352 - pageout(0, 0) returns 1
 352 - q[0].pages[0] = 0
 352 - pagein(0, 0) returns 0
 352 - pageout in progress...
 352 - q[0].pages[0] = 0
 353 - 0:0 is swapped out
 353 - q[0].pages[0] = 0
 353 - pageout(0, 0) returns 1
 353 - q[0].pages[0] = 0
 353 - pagein(0, 0) returns 0
 353 - pageout in progress...
 353 - q[0].pages[0] = 0
 354 - 0:0 is swapped out
 354 - q[0].pages[0] = 0
 354 - pageout(0, 0) returns 1
 354 - q[0].pages[0] = 0
 354 - pagein(0, 0) returns 0
 354 - pageout in progress...
 354 - q[0].pages[0] = 0
 355 - 0:0 is swapped out
 355 - q[0].pages[0] = 0
 355 - pageout(0, 0) returns 1
 355 - q[0].pages[0] = 0
 355 - pagein(0, 0) returns 0
 355 - pageout in progress...
 355 - q[0].pages[0] = 0
 356 - 0:0 is swapped out
 356 - q[0].pages[0] = 0
 356 - pageout(0, 0) returns 1
 356 - q[0].pages[0] = 0
 356 - pagein(0, 0) returns 0
 356 - pageout in progress...
 356 - q[0].pages[0] = 0
 357 - 0:0 is swapped out
 357 - q[0].pages[0] = 0
 357 - pageout(0, 0) returns 1
 357 - q[0].pages[0] = 0
 357 - pagein(0, 0) returns 0
 357 - pageout in progress...
 357 - q[0].pages[0] = 0
 358 - 0:0 is swapped out
 358 - q[0].pages[0] = 0
 358 - pageout(0, 0) returns 1
 358 - q[0].pages[0] = 0
 358 - pagein(0, 0) returns 0
 358 - pageout in progress...
 358 - q[0].pages[0] = 0
 359 - 0:0 is swapped out
 359 - q[0].pages[0] = 0
 359 - pageout(0, 0) returns 1
 359 - q[0].pages[0] = 0
 359 - pagein(0, 0) returns 0
 359 - pageout in progress...
 359 - q[0].pages[0] = 0
 360 - 0:0 is swapped out
 360 - q[0].pages[0] = 0
 360 - pageout(0, 0) returns 1
 360 - q[0].pages[0] = 0
 360 - pagein(0, 0) returns 0
 360 - pageout in progress...
 360 - q[0].pages[0] = 0
 361 - 0:0 is swapped out
 361 - q[0].pages[0] = 0
 361 - pageout(0, 0) returns 1
 361 - q[0].pages[0] = 0
 361 - pagein(0, 0) returns 0
 361 - pageout in progress...
 361 - q[0].pages[0] = 0
 362 - 0:0 is swapped out
 362 - q[0].pages[0] = 0
 362 - pageout(0, 0) returns 1
 362 - q[0].pages[0] = 0
 362 - pagein(0, 0) returns 0
 362 - pageout in progress...
 362 - q[0].pages[0] = 0
 363 - 0:0 is swapped out
 363 - q[0].pages[0] = 0
 363 - pageout(0, 0) returns 1
 363 - q[0].pages[0] = 0
 363 - pagein(0, 0) returns 0
 363 - pageout in progress...
 363 - q[0].pages[0] = 0
 364 - 0:0 is swapped out
 364 - q[0].pages[0] = 0
 364 - pageout(0, 0) returns 1
 364 - q[0].pages[0] = 0
 364 - pagein(0, 0) returns 0
 364 - pageout in progress...
 364 - q[0].pages[0] = 0
 365 - 0:0 is swapped out
 365 - q[0].pages[0] = 0
 365 - pageout(0, 0) returns 1
 365 - q[0].pages[0] = 0
 365 - pagein(0, 0) returns 0
 365 - pageout in progress...
 365 - q[0].pages[0] = 0
 366 - 0:0 is swapped out
 366 - q[0].pages[0] = 0
 366 - pageout(0, 0) returns 1
 366 - q[0].pages[0] = 0
 366 - pagein(0, 0) returns 0
 366 - pageout in progress...
 366 - q[0].pages[0] = 0
 367 - 0:0 is swapped out
 367 - q[0].pages[0] = 0
 367 - pageout(0, 0) returns 1
 367 - q[0].pages[0] = 0
 367 - pagein(0, 0) returns 0
 367 - pageout in progress...
 367 - q[0].pages[0] = 0
 368 - 0:0 is swapped out
 368 - q[0].pages[0] = 0
 368 - pageout(0, 0) returns 1
 368 - q[0].pages[0] = 0
 368 - pagein(0, 0) returns 0
 368 - pageout in progress...
 368 - q[0].pages[0] = 0
 369 - 0:0 is swapped out
 369 - q[0].pages[0] = 0
 369 - pageout(0, 0) returns 1
 369 - q[0].pages[0] = 0
 369 - pagein(0, 0) returns 0
 369 - pageout in progress...
 369 - q[0].pages[0] = 0
 370 - 0:0 is swapped out
 370 - q[0].pages[0] = 0
 370 - pageout(0, 0) returns 1
 370 - q[0].pages[0] = 0
 370 - pagein(0, 0) returns 0
 370 - pageout in progress...
 370 - q[0].pages[0] = 0
 371 - 0:0 is swapped out
 371 - q[0].pages[0] = 0
 371 - pageout(0, 0) returns 1
 371 - q[0].pages[0] = 0
 371 - pagein(0, 0) returns 0
 371 - pageout in progress...
 371 - q[0].pages[0] = 0
 372 - 0:0 is swapped out
 372 - q[0].pages[0] = 0
 372 - pageout(0, 0) returns 1
 372 - q[0].pages[0] = 0
 372 - pagein(0, 0) returns 0
 372 - pageout in progress...
 372 - q[0].pages[0] = 0
 373 - 0:0 is swapped out
 373 - q[0].pages[0] = 0
 373 - pageout(0, 0) returns 1
 373 - q[0].pages[0] = 0
 373 - pagein(0, 0) returns 0
 373 - pageout in progress...
 373 - q[0].pages[0] = 0
 374 - 0:0 is swapped out
 374 - q[0].pages[0] = 0
 374 - pageout(0, 0) returns 1
 374 - q[0].pages[0] = 0
 374 - pagein(0, 0) returns 0
 374 - pageout in progress...
 374 - q[0].pages[0] = 0
 375 - 0:0 is swapped out
 375 - q[0].pages[0] = 0
 375 - pageout(0, 0) returns 1
 375 - q[0].pages[0] = 0
 375 - pagein(0, 0) returns 0
 375 - pageout in progress...
 375 - q[0].pages[0] = 0
 376 - 0:0 is swapped out
 376 - q[0].pages[0] = 0
 376 - pageout(0, 0) returns 1
 376 - q[0].pages[0] = 0
 376 - pagein(0, 0) returns 0
 376 - pageout in progress...
 376 - q[0].pages[0] = 0
 377 - 0:0 is swapped out
 377 - q[0].pages[0] = 0
 377 - pageout(0, 0) returns 1
 377 - q[0].pages[0] = 0
 377 - pagein(0, 0) returns 0
 377 - pageout in progress...
 377 - q[0].pages[0] = 0
 378 - 0:0 is swapped out
 378 - q[0].pages[0] = 0
 378 - pageout(0, 0) returns 1
 378 - q[0].pages[0] = 0
 378 - pagein(0, 0) returns 0
 378 - pageout in progress...
 378 - q[0].pages[0] = 0
 379 - 0:0 is swapped out
 379 - q[0].pages[0] = 0
 379 - pageout(0, 0) returns 1
 379 - q[0].pages[0] = 0
 379 - pagein(0, 0) returns 0
 379 - pageout in progress...
 379 - q[0].pages[0] = 0
 380 - 0:0 is swapped out
 380 - q[0].pages[0] = 0
 380 - pageout(0, 0) returns 1
 380 - q[0].pages[0] = 0
 380 - pagein(0, 0) returns 0
 380 - pageout in progress...
 380 - q[0].pages[0] = 0
 381 - 0:0 is swapped out
 381 - q[0].pages[0] = 0
 381 - pageout(0, 0) returns 1
 381 - q[0].pages[0] = 0
 381 - pagein(0, 0) returns 0
 381 - pageout in progress...
 381 - q[0].pages[0] = 0
 382 - 0:0 is swapped out
 382 - q[0].pages[0] = 0
 382 - pageout(0, 0) returns 1
 382 - q[0].pages[0] = 0
 382 - pagein(0, 0) returns 0
 382 - pageout in progress...
 382 - q[0].pages[0] = 0
 383 - 0:0 is swapped out
 383 - q[0].pages[0] = 0
 383 - pageout(0, 0) returns 1
 383 - q[0].pages[0] = 0
 383 - pagein(0, 0) returns 0
 383 - pageout in progress...
 383 - q[0].pages[0] = 0
 384 - 0:0 is swapped out
 384 - q[0].pages[0] = 0
 384 - pageout(0, 0) returns 1
 384 - q[0].pages[0] = 0
 384 - pagein(0, 0) returns 0
 384 - pageout in progress...
 384 - q[0].pages[0] = 0
 385 - 0:0 is swapped out
 385 - q[0].pages[0] = 0
 385 - pageout(0, 0) returns 1
 385 - q[0].pages[0] = 0
 385 - pagein(0, 0) returns 0
 385 - pageout in progress...
 385 - q[0].pages[0] = 0
 386 - 0:0 is swapped out
 386 - q[0].pages[0] = 0
 386 - pageout(0, 0) returns 1
 386 - q[0].pages[0] = 0
 386 - pagein(0, 0) returns 0
 386 - pageout in progress...
 386 - q[0].pages[0] = 0
 387 - 0:0 is swapped out
 387 - q[0].pages[0] = 0
 387 - pageout(0, 0) returns 1
 387 - q[0].pages[0] = 0
 387 - pagein(0, 0) returns 0
 387 - pageout in progress...
 387 - q[0].pages[0] = 0
 388 - 0:0 is swapped out
 388 - q[0].pages[0] = 0
 388 - pageout(0, 0) returns 1
 388 - q[0].pages[0] = 0
 388 - pagein(0, 0) returns 0
 388 - pageout in progress...
 388 - q[0].pages[0] = 0
 389 - 0:0 is swapped out
 389 - q[0].pages[0] = 0
 389 - pageout(0, 0) returns 1
 389 - q[0].pages[0] = 0
 389 - pagein(0, 0) returns 0
 389 - pageout in progress...
 389 - q[0].pages[0] = 0
 390 - 0:0 is swapped out
 390 - q[0].pages[0] = 0
 390 - pageout(0, 0) returns 1
 390 - q[0].pages[0] = 0
 390 - pagein(0, 0) returns 0
 390 - pageout in progress...
 390 - q[0].pages[0] = 0
 391 - 0:0 is swapped out
 391 - q[0].pages[0] = 0
 391 - pageout(0, 0) returns 1
 391 - q[0].pages[0] = 0
 391 - pagein(0, 0) returns 0
 391 - pageout in progress...
 391 - q[0].pages[0] = 0
 392 - 0:0 is swapped out
 392 - q[0].pages[0] = 0
 392 - pageout(0, 0) returns 1
 392 - q[0].pages[0] = 0
 392 - pagein(0, 0) returns 0
 392 - pageout in progress...
 392 - q[0].pages[0] = 0
 393 - 0:0 is swapped out
 393 - q[0].pages[0] = 0
 393 - pageout(0, 0) returns 1
 393 - q[0].pages[0] = 0
 393 - pagein(0, 0) returns 0
 393 - pageout in progress...
 393 - q[0].pages[0] = 0
 394 - 0:0 is swapped out
 394 - q[0].pages[0] = 0
 394 - pageout(0, 0) returns 1
 394 - q[0].pages[0] = 0
 394 - pagein(0, 0) returns 0
 394 - pageout in progress...
 394 - q[0].pages[0] = 0
 395 - 0:0 is swapped out
 395 - q[0].pages[0] = 0
 395 - pageout(0, 0) returns 1
 395 - q[0].pages[0] = 0
 395 - pagein(0, 0) returns 0
 395 - pageout in progress...
 395 - q[0].pages[0] = 0
 396 - 0:0 is swapped out
 396 - q[0].pages[0] = 0
 396 - pageout(0, 0) returns 1
 396 - q[0].pages[0] = 0
 396 - pagein(0, 0) returns 0
 396 - pageout in progress...
 396 - q[0].pages[0] = 0
 397 - 0:0 is swapped out
 397 - q[0].pages[0] = 0
 397 - pageout(0, 0) returns 1
 397 - q[0].pages[0] = 0
 397 - pagein(0, 0) returns 0
 397 - pageout in progress...
 397 - q[0].pages[0] = 0
 398 - 0:0 is swapped out
 398 - q[0].pages[0] = 0
 398 - pageout(0, 0) returns 1
 398 - q[0].pages[0] = 0
 398 - pagein(0, 0) returns 0
 398 - pageout in progress...
 398 - q[0].pages[0] = 0
 399 - 0:0 is swapped out
 399 - q[0].pages[0] = 0
 399 - pageout(0, 0) returns 1
 399 - q[0].pages[0] = 0
 399 - pagein(0, 0) returns 0
 399 - pageout in progress...
 399 - q[0].pages[0] = 0
 400 - 0:0 is swapped out
 400 - q[0].pages[0] = 0
 400 - pageout(0, 0) returns 1
 400 - q[0].pages[0] = 0
 400 - pagein(0, 0) returns 1
 400 - q[0].pages[0] = 0
 500 - 0:0 is swapped in
 500 - q[0].pages[0] = 1
 500 - pagein(0, 0) returns 1
 500 - q[0].pages[0] = 1
 500 - pageout(0, 0) returns 1
 500 - q[0].pages[0] = 1
API Test Exiting
